<?xml version="1.0" encoding="UTF-8"?>
<!-- Generated by org.testng.reporters.JUnitXMLReporter -->
<testsuite ignored="0" hostname="DESKTOP-G73396H" failures="0" tests="28" name="Testing with parameters" time="0.498" errors="0" timestamp="2023-05-30T16:10:12 EEST">
  <testcase classname="persondetails.TestWithParameters" name="testIfDeregisterPartnershipFalse" time="0.019"/>
  <testcase classname="persondetails.TestWithParameters" name="testIfDeregisterPartnershipFalse" time="0.013"/>
  <testcase classname="persondetails.TestWithParameters" name="testIfDeregisterPartnershipTrue" time="0.001"/>
  <testcase classname="persondetails.TestWithParameters" name="testIfDeregisterPartnershipTrue" time="0.013"/>
  <testcase classname="persondetails.TestWithParameters" name="testIfManHasBadge" time="0.019"/>
  <testcase classname="persondetails.TestWithParameters" name="testIfManHasBadge" time="0.001"/>
  <testcase classname="persondetails.TestWithParameters" name="testIfManHasNotBadge" time="0.002"/>
  <testcase classname="persondetails.TestWithParameters" name="testIfManHasNotBadge" time="0.002"/>
  <testcase classname="persondetails.TestWithParameters" name="testIfManNotRetired" time="0.001"/>
  <testcase classname="persondetails.TestWithParameters" name="testIfManNotRetired" time="0.011"/>
  <testcase classname="persondetails.TestWithParameters" name="testIfManRetired" time="0.002"/>
  <testcase classname="persondetails.TestWithParameters" name="testIfManRetired" time="0.002"/>
  <testcase classname="persondetails.TestWithParameters" name="testIfNotRegisterPartnership" time="0.001"/>
  <testcase classname="persondetails.TestWithParameters" name="testIfNotRegisterPartnership" time="0.001"/>
  <testcase classname="persondetails.TestWithParameters" name="testIfRegisterPartnership" time="0.001"/>
  <testcase classname="persondetails.TestWithParameters" name="testIfRegisterPartnership" time="0.002"/>
  <testcase classname="persondetails.TestWithParameters" name="testIfWomanHasBadge" time="0.003"/>
  <testcase classname="persondetails.TestWithParameters" name="testIfWomanHasBadge" time="0.001"/>
  <testcase classname="persondetails.TestWithParameters" name="testIfWomanHasNotBadge" time="0.003"/>
  <testcase classname="persondetails.TestWithParameters" name="testIfWomanHasNotBadge" time="0.001"/>
  <testcase classname="persondetails.TestWithParameters" name="testIfWomanNotRetired" time="0.001"/>
  <testcase classname="persondetails.TestWithParameters" name="testIfWomanNotRetired" time="0.001"/>
  <testcase classname="persondetails.TestWithParameters" name="testIfWomanRetired" time="0.001"/>
  <testcase classname="persondetails.TestWithParameters" name="testIfWomanRetired" time="0.001"/>
  <testcase classname="persondetails.TestWithParameters" name="testManAdding" time="0.001"/>
  <testcase classname="persondetails.TestWithParameters" name="testManAdding" time="0.002"/>
  <testcase classname="persondetails.TestWithParameters" name="testWomanAdding" time="0.001"/>
  <testcase classname="persondetails.TestWithParameters" name="testWomanAdding" time="0.001"/>
</testsuite> <!-- Testing with parameters -->
