<?xml version="1.0" encoding="UTF-8"?>
<testsuite xmlns:xsi="http://www.w3.org/2001/XMLSchema-instance" xsi:noNamespaceSchemaLocation="https://maven.apache.org/surefire/maven-surefire-plugin/xsd/surefire-test-report-3.0.xsd" version="3.0" name="TestSuite" time="2.392" tests="28" errors="0" skipped="0" failures="0">
  <properties>
[...]
</properties>
  <testcase name="testIfDeregisterPartnershipFalse[Hanna, Light, Dark, 65, Running, com.rb_dr.person.Man@3270d194](1)" classname="persondetails.TestWithParameters" time="0.036">
    <system-err><![CDATA[SLF4J: Failed to load class "org.slf4j.impl.StaticLoggerBinder".
SLF4J: Defaulting to no-operation (NOP) logger implementation
SLF4J: See http://www.slf4j.org/codes.html#StaticLoggerBinder for further details.
]]></system-err>
  </testcase>
  <testcase name="testIfDeregisterPartnershipFalse[Helena, Sunny, Cloudy, 61, Running, com.rb_dr.person.Man@5e0e82ae](2)" classname="persondetails.TestWithParameters" time="0.002"/>
  <testcase name="testIfDeregisterPartnershipTrue[Hanna, Light, Dark, 65, Running, com.rb_dr.person.Man@51399530](1)" classname="persondetails.TestWithParameters" time="0.003"/>
  <testcase name="testIfDeregisterPartnershipTrue[Helena, Sunny, Cloudy, 61, Running, com.rb_dr.person.Man@411f53a0](2)" classname="persondetails.TestWithParameters" time="0.008"/>
  <testcase name="testIfManHasBadge[Kent, Night, Night, 66, Fishing, com.rb_dr.person.Woman@36fc695d](1)" classname="persondetails.TestWithParameters" time="0.01"/>
  <testcase name="testIfManHasBadge[Sam, Day, Day, 70, Fishing, com.rb_dr.person.Woman@13c9d689](2)" classname="persondetails.TestWithParameters" time="0.001"/>
  <testcase name="testIfManHasNotBadge[Vasiliy, Read, Read, 32, Jumping, null](1)" classname="persondetails.TestWithParameters" time="0.002"/>
  <testcase name="testIfManHasNotBadge[Helena, Sunny, Sunny, 41, Walking, null](2)" classname="persondetails.TestWithParameters" time="0.002"/>
  <testcase name="testIfManNotRetired[Vasiliy, Read, Read, 32, Jumping, null](1)" classname="persondetails.TestWithParameters" time="0"/>
  <testcase name="testIfManNotRetired[Helena, Sunny, Sunny, 41, Walking, null](2)" classname="persondetails.TestWithParameters" time="0.003"/>
  <testcase name="testIfManRetired[Kent, Night, Night, 66, Fishing, com.rb_dr.person.Woman@5b7a5baa](1)" classname="persondetails.TestWithParameters" time="0.003"/>
  <testcase name="testIfManRetired[Sam, Day, Day, 70, Fishing, com.rb_dr.person.Woman@1d296da](2)" classname="persondetails.TestWithParameters" time="0.001"/>
  <testcase name="testIfNotRegisterPartnership[Hanna, Sweet, Sweet, 41, Jumping, null](1)" classname="persondetails.TestWithParameters" time="0.002"/>
  <testcase name="testIfNotRegisterPartnership[Helena, Sunny, Sunny, 41, Walking, null](2)" classname="persondetails.TestWithParameters" time="0.003"/>
  <testcase name="testIfRegisterPartnership[Hanna, Light, Dark, 65, Running, com.rb_dr.person.Man@408d971b](1)" classname="persondetails.TestWithParameters" time="0.001"/>
  <testcase name="testIfRegisterPartnership[Helena, Sunny, Cloudy, 61, Running, com.rb_dr.person.Man@3c46e67a](2)" classname="persondetails.TestWithParameters" time="0.002"/>
  <testcase name="testIfWomanHasBadge[Hanna, Light, Dark, 65, Running, com.rb_dr.person.Man@206a70ef](1)" classname="persondetails.TestWithParameters" time="0.001"/>
  <testcase name="testIfWomanHasBadge[Helena, Sunny, Cloudy, 61, Running, com.rb_dr.person.Man@22555ebf](2)" classname="persondetails.TestWithParameters" time="0.001"/>
  <testcase name="testIfWomanHasNotBadge[Hanna, Sweet, Sweet, 41, Jumping, null](1)" classname="persondetails.TestWithParameters" time="0.005"/>
  <testcase name="testIfWomanHasNotBadge[Helena, Sunny, Sunny, 41, Walking, null](2)" classname="persondetails.TestWithParameters" time="0.002"/>
  <testcase name="testIfWomanNotRetired[Hanna, Sweet, Sweet, 41, Jumping, null](1)" classname="persondetails.TestWithParameters" time="0.004"/>
  <testcase name="testIfWomanNotRetired[Helena, Sunny, Sunny, 41, Walking, null](2)" classname="persondetails.TestWithParameters" time="0.001"/>
  <testcase name="testIfWomanRetired[Hanna, Light, Dark, 65, Running, com.rb_dr.person.Man@38425407](1)" classname="persondetails.TestWithParameters" time="0.001"/>
  <testcase name="testIfWomanRetired[Helena, Sunny, Cloudy, 61, Running, com.rb_dr.person.Man@702657cc](2)" classname="persondetails.TestWithParameters" time="0.001"/>
  <testcase name="testManAdding[Kent, Night, Night, 66, Fishing, com.rb_dr.person.Woman@40a4337a](1)" classname="persondetails.TestWithParameters" time="0.001"/>
  <testcase name="testManAdding[Sam, Day, Day, 70, Fishing, com.rb_dr.person.Woman@22ff4249](2)" classname="persondetails.TestWithParameters" time="0.001"/>
  <testcase name="testWomanAdding[Hanna, Light, Dark, 65, Running, com.rb_dr.person.Man@4c402120](1)" classname="persondetails.TestWithParameters" time="0.001"/>
  <testcase name="testWomanAdding[Helena, Sunny, Cloudy, 61, Running, com.rb_dr.person.Man@5b12b668](2)" classname="persondetails.TestWithParameters" time="0.002"/>
</testsuite>