<?xml version="1.0" encoding="UTF-8"?>
<testng-results ignored="0" total="28" passed="28" failed="0" skipped="0">
  <reporter-output>
  </reporter-output>
  <suite started-at="2023-05-30T16:10:11 EEST" name="Regression test run" finished-at="2023-05-30T16:10:12 EEST" duration-ms="498">
    <groups>
    </groups>
    <test started-at="2023-05-30T16:10:11 EEST" name="Testing with parameters" finished-at="2023-05-30T16:10:12 EEST" duration-ms="498">
      <class name="persondetails.TestWithParameters">
        <test-method signature="testIfDeregisterPartnershipFalse(java.lang.String,java.lang.String,java.lang.String,int,java.lang.String,com.rb_dr.person.Person)[pri:0, instance:persondetails.TestWithParameters@78e117e3]" started-at="2023-05-30T16:10:12 EEST" name="testIfDeregisterPartnershipFalse" data-provider="womenPositive" finished-at="2023-05-30T16:10:12 EEST" duration-ms="19" status="PASS">
          <params>
            <param index="0">
              <value>
                <![CDATA[Hanna]]>
              </value>
            </param>
            <param index="1">
              <value>
                <![CDATA[Light]]>
              </value>
            </param>
            <param index="2">
              <value>
                <![CDATA[Dark]]>
              </value>
            </param>
            <param index="3">
              <value>
                <![CDATA[65]]>
              </value>
            </param>
            <param index="4">
              <value>
                <![CDATA[Running]]>
              </value>
            </param>
            <param index="5">
              <value>
                <![CDATA[com.rb_dr.person.Man@3270d194]]>
              </value>
            </param>
          </params>
          <reporter-output>
          </reporter-output>
        </test-method> <!-- testIfDeregisterPartnershipFalse -->
        <test-method signature="testIfDeregisterPartnershipFalse(java.lang.String,java.lang.String,java.lang.String,int,java.lang.String,com.rb_dr.person.Person)[pri:0, instance:persondetails.TestWithParameters@78e117e3]" started-at="2023-05-30T16:10:12 EEST" name="testIfDeregisterPartnershipFalse" data-provider="womenPositive" finished-at="2023-05-30T16:10:12 EEST" duration-ms="13" status="PASS">
          <params>
            <param index="0">
              <value>
                <![CDATA[Helena]]>
              </value>
            </param>
            <param index="1">
              <value>
                <![CDATA[Sunny]]>
              </value>
            </param>
            <param index="2">
              <value>
                <![CDATA[Cloudy]]>
              </value>
            </param>
            <param index="3">
              <value>
                <![CDATA[61]]>
              </value>
            </param>
            <param index="4">
              <value>
                <![CDATA[Running]]>
              </value>
            </param>
            <param index="5">
              <value>
                <![CDATA[com.rb_dr.person.Man@5e0e82ae]]>
              </value>
            </param>
          </params>
          <reporter-output>
          </reporter-output>
        </test-method> <!-- testIfDeregisterPartnershipFalse -->
        <test-method signature="testIfDeregisterPartnershipTrue(java.lang.String,java.lang.String,java.lang.String,int,java.lang.String,com.rb_dr.person.Person)[pri:0, instance:persondetails.TestWithParameters@78e117e3]" started-at="2023-05-30T16:10:12 EEST" name="testIfDeregisterPartnershipTrue" data-provider="womenPositive" finished-at="2023-05-30T16:10:12 EEST" duration-ms="1" status="PASS">
          <params>
            <param index="0">
              <value>
                <![CDATA[Hanna]]>
              </value>
            </param>
            <param index="1">
              <value>
                <![CDATA[Light]]>
              </value>
            </param>
            <param index="2">
              <value>
                <![CDATA[Dark]]>
              </value>
            </param>
            <param index="3">
              <value>
                <![CDATA[65]]>
              </value>
            </param>
            <param index="4">
              <value>
                <![CDATA[Running]]>
              </value>
            </param>
            <param index="5">
              <value>
                <![CDATA[com.rb_dr.person.Man@51399530]]>
              </value>
            </param>
          </params>
          <reporter-output>
          </reporter-output>
        </test-method> <!-- testIfDeregisterPartnershipTrue -->
        <test-method signature="testIfDeregisterPartnershipTrue(java.lang.String,java.lang.String,java.lang.String,int,java.lang.String,com.rb_dr.person.Person)[pri:0, instance:persondetails.TestWithParameters@78e117e3]" started-at="2023-05-30T16:10:12 EEST" name="testIfDeregisterPartnershipTrue" data-provider="womenPositive" finished-at="2023-05-30T16:10:12 EEST" duration-ms="13" status="PASS">
          <params>
            <param index="0">
              <value>
                <![CDATA[Helena]]>
              </value>
            </param>
            <param index="1">
              <value>
                <![CDATA[Sunny]]>
              </value>
            </param>
            <param index="2">
              <value>
                <![CDATA[Cloudy]]>
              </value>
            </param>
            <param index="3">
              <value>
                <![CDATA[61]]>
              </value>
            </param>
            <param index="4">
              <value>
                <![CDATA[Running]]>
              </value>
            </param>
            <param index="5">
              <value>
                <![CDATA[com.rb_dr.person.Man@411f53a0]]>
              </value>
            </param>
          </params>
          <reporter-output>
          </reporter-output>
        </test-method> <!-- testIfDeregisterPartnershipTrue -->
        <test-method signature="testIfManHasBadge(java.lang.String,java.lang.String,java.lang.String,int,java.lang.String,com.rb_dr.person.Person)[pri:0, instance:persondetails.TestWithParameters@78e117e3]" started-at="2023-05-30T16:10:12 EEST" name="testIfManHasBadge" data-provider="menPositive" finished-at="2023-05-30T16:10:12 EEST" duration-ms="19" status="PASS">
          <params>
            <param index="0">
              <value>
                <![CDATA[Kent]]>
              </value>
            </param>
            <param index="1">
              <value>
                <![CDATA[Night]]>
              </value>
            </param>
            <param index="2">
              <value>
                <![CDATA[Night]]>
              </value>
            </param>
            <param index="3">
              <value>
                <![CDATA[66]]>
              </value>
            </param>
            <param index="4">
              <value>
                <![CDATA[Fishing]]>
              </value>
            </param>
            <param index="5">
              <value>
                <![CDATA[com.rb_dr.person.Woman@36fc695d]]>
              </value>
            </param>
          </params>
          <reporter-output>
          </reporter-output>
        </test-method> <!-- testIfManHasBadge -->
        <test-method signature="testIfManHasBadge(java.lang.String,java.lang.String,java.lang.String,int,java.lang.String,com.rb_dr.person.Person)[pri:0, instance:persondetails.TestWithParameters@78e117e3]" started-at="2023-05-30T16:10:12 EEST" name="testIfManHasBadge" data-provider="menPositive" finished-at="2023-05-30T16:10:12 EEST" duration-ms="1" status="PASS">
          <params>
            <param index="0">
              <value>
                <![CDATA[Sam]]>
              </value>
            </param>
            <param index="1">
              <value>
                <![CDATA[Day]]>
              </value>
            </param>
            <param index="2">
              <value>
                <![CDATA[Day]]>
              </value>
            </param>
            <param index="3">
              <value>
                <![CDATA[70]]>
              </value>
            </param>
            <param index="4">
              <value>
                <![CDATA[Fishing]]>
              </value>
            </param>
            <param index="5">
              <value>
                <![CDATA[com.rb_dr.person.Woman@13c9d689]]>
              </value>
            </param>
          </params>
          <reporter-output>
          </reporter-output>
        </test-method> <!-- testIfManHasBadge -->
        <test-method signature="testIfManHasNotBadge(java.lang.String,java.lang.String,java.lang.String,int,java.lang.String,com.rb_dr.person.Person)[pri:0, instance:persondetails.TestWithParameters@78e117e3]" started-at="2023-05-30T16:10:12 EEST" name="testIfManHasNotBadge" data-provider="menNegative" finished-at="2023-05-30T16:10:12 EEST" duration-ms="2" status="PASS">
          <params>
            <param index="0">
              <value>
                <![CDATA[Vasiliy]]>
              </value>
            </param>
            <param index="1">
              <value>
                <![CDATA[Read]]>
              </value>
            </param>
            <param index="2">
              <value>
                <![CDATA[Read]]>
              </value>
            </param>
            <param index="3">
              <value>
                <![CDATA[32]]>
              </value>
            </param>
            <param index="4">
              <value>
                <![CDATA[Jumping]]>
              </value>
            </param>
            <param index="5">
              <value is-null="true"/>
            </param>
          </params>
          <reporter-output>
          </reporter-output>
        </test-method> <!-- testIfManHasNotBadge -->
        <test-method signature="testIfManHasNotBadge(java.lang.String,java.lang.String,java.lang.String,int,java.lang.String,com.rb_dr.person.Person)[pri:0, instance:persondetails.TestWithParameters@78e117e3]" started-at="2023-05-30T16:10:12 EEST" name="testIfManHasNotBadge" data-provider="menNegative" finished-at="2023-05-30T16:10:12 EEST" duration-ms="2" status="PASS">
          <params>
            <param index="0">
              <value>
                <![CDATA[Helena]]>
              </value>
            </param>
            <param index="1">
              <value>
                <![CDATA[Sunny]]>
              </value>
            </param>
            <param index="2">
              <value>
                <![CDATA[Sunny]]>
              </value>
            </param>
            <param index="3">
              <value>
                <![CDATA[41]]>
              </value>
            </param>
            <param index="4">
              <value>
                <![CDATA[Walking]]>
              </value>
            </param>
            <param index="5">
              <value is-null="true"/>
            </param>
          </params>
          <reporter-output>
          </reporter-output>
        </test-method> <!-- testIfManHasNotBadge -->
        <test-method signature="testIfManNotRetired(java.lang.String,java.lang.String,java.lang.String,int,java.lang.String,com.rb_dr.person.Person)[pri:0, instance:persondetails.TestWithParameters@78e117e3]" started-at="2023-05-30T16:10:12 EEST" name="testIfManNotRetired" data-provider="menNegative" finished-at="2023-05-30T16:10:12 EEST" duration-ms="1" status="PASS">
          <params>
            <param index="0">
              <value>
                <![CDATA[Vasiliy]]>
              </value>
            </param>
            <param index="1">
              <value>
                <![CDATA[Read]]>
              </value>
            </param>
            <param index="2">
              <value>
                <![CDATA[Read]]>
              </value>
            </param>
            <param index="3">
              <value>
                <![CDATA[32]]>
              </value>
            </param>
            <param index="4">
              <value>
                <![CDATA[Jumping]]>
              </value>
            </param>
            <param index="5">
              <value is-null="true"/>
            </param>
          </params>
          <reporter-output>
          </reporter-output>
        </test-method> <!-- testIfManNotRetired -->
        <test-method signature="testIfManNotRetired(java.lang.String,java.lang.String,java.lang.String,int,java.lang.String,com.rb_dr.person.Person)[pri:0, instance:persondetails.TestWithParameters@78e117e3]" started-at="2023-05-30T16:10:12 EEST" name="testIfManNotRetired" data-provider="menNegative" finished-at="2023-05-30T16:10:12 EEST" duration-ms="11" status="PASS">
          <params>
            <param index="0">
              <value>
                <![CDATA[Helena]]>
              </value>
            </param>
            <param index="1">
              <value>
                <![CDATA[Sunny]]>
              </value>
            </param>
            <param index="2">
              <value>
                <![CDATA[Sunny]]>
              </value>
            </param>
            <param index="3">
              <value>
                <![CDATA[41]]>
              </value>
            </param>
            <param index="4">
              <value>
                <![CDATA[Walking]]>
              </value>
            </param>
            <param index="5">
              <value is-null="true"/>
            </param>
          </params>
          <reporter-output>
          </reporter-output>
        </test-method> <!-- testIfManNotRetired -->
        <test-method signature="testIfManRetired(java.lang.String,java.lang.String,java.lang.String,int,java.lang.String,com.rb_dr.person.Person)[pri:0, instance:persondetails.TestWithParameters@78e117e3]" started-at="2023-05-30T16:10:12 EEST" name="testIfManRetired" data-provider="menPositive" finished-at="2023-05-30T16:10:12 EEST" duration-ms="2" status="PASS">
          <params>
            <param index="0">
              <value>
                <![CDATA[Kent]]>
              </value>
            </param>
            <param index="1">
              <value>
                <![CDATA[Night]]>
              </value>
            </param>
            <param index="2">
              <value>
                <![CDATA[Night]]>
              </value>
            </param>
            <param index="3">
              <value>
                <![CDATA[66]]>
              </value>
            </param>
            <param index="4">
              <value>
                <![CDATA[Fishing]]>
              </value>
            </param>
            <param index="5">
              <value>
                <![CDATA[com.rb_dr.person.Woman@5b7a5baa]]>
              </value>
            </param>
          </params>
          <reporter-output>
          </reporter-output>
        </test-method> <!-- testIfManRetired -->
        <test-method signature="testIfManRetired(java.lang.String,java.lang.String,java.lang.String,int,java.lang.String,com.rb_dr.person.Person)[pri:0, instance:persondetails.TestWithParameters@78e117e3]" started-at="2023-05-30T16:10:12 EEST" name="testIfManRetired" data-provider="menPositive" finished-at="2023-05-30T16:10:12 EEST" duration-ms="2" status="PASS">
          <params>
            <param index="0">
              <value>
                <![CDATA[Sam]]>
              </value>
            </param>
            <param index="1">
              <value>
                <![CDATA[Day]]>
              </value>
            </param>
            <param index="2">
              <value>
                <![CDATA[Day]]>
              </value>
            </param>
            <param index="3">
              <value>
                <![CDATA[70]]>
              </value>
            </param>
            <param index="4">
              <value>
                <![CDATA[Fishing]]>
              </value>
            </param>
            <param index="5">
              <value>
                <![CDATA[com.rb_dr.person.Woman@1d296da]]>
              </value>
            </param>
          </params>
          <reporter-output>
          </reporter-output>
        </test-method> <!-- testIfManRetired -->
        <test-method signature="testIfNotRegisterPartnership(java.lang.String,java.lang.String,java.lang.String,int,java.lang.String,com.rb_dr.person.Person)[pri:0, instance:persondetails.TestWithParameters@78e117e3]" started-at="2023-05-30T16:10:12 EEST" name="testIfNotRegisterPartnership" data-provider="womenNegative" finished-at="2023-05-30T16:10:12 EEST" duration-ms="1" status="PASS">
          <params>
            <param index="0">
              <value>
                <![CDATA[Hanna]]>
              </value>
            </param>
            <param index="1">
              <value>
                <![CDATA[Sweet]]>
              </value>
            </param>
            <param index="2">
              <value>
                <![CDATA[Sweet]]>
              </value>
            </param>
            <param index="3">
              <value>
                <![CDATA[41]]>
              </value>
            </param>
            <param index="4">
              <value>
                <![CDATA[Jumping]]>
              </value>
            </param>
            <param index="5">
              <value is-null="true"/>
            </param>
          </params>
          <reporter-output>
          </reporter-output>
        </test-method> <!-- testIfNotRegisterPartnership -->
        <test-method signature="testIfNotRegisterPartnership(java.lang.String,java.lang.String,java.lang.String,int,java.lang.String,com.rb_dr.person.Person)[pri:0, instance:persondetails.TestWithParameters@78e117e3]" started-at="2023-05-30T16:10:12 EEST" name="testIfNotRegisterPartnership" data-provider="womenNegative" finished-at="2023-05-30T16:10:12 EEST" duration-ms="1" status="PASS">
          <params>
            <param index="0">
              <value>
                <![CDATA[Helena]]>
              </value>
            </param>
            <param index="1">
              <value>
                <![CDATA[Sunny]]>
              </value>
            </param>
            <param index="2">
              <value>
                <![CDATA[Sunny]]>
              </value>
            </param>
            <param index="3">
              <value>
                <![CDATA[41]]>
              </value>
            </param>
            <param index="4">
              <value>
                <![CDATA[Walking]]>
              </value>
            </param>
            <param index="5">
              <value is-null="true"/>
            </param>
          </params>
          <reporter-output>
          </reporter-output>
        </test-method> <!-- testIfNotRegisterPartnership -->
        <test-method signature="testIfRegisterPartnership(java.lang.String,java.lang.String,java.lang.String,int,java.lang.String,com.rb_dr.person.Person)[pri:0, instance:persondetails.TestWithParameters@78e117e3]" started-at="2023-05-30T16:10:12 EEST" name="testIfRegisterPartnership" data-provider="womenPositive" finished-at="2023-05-30T16:10:12 EEST" duration-ms="1" status="PASS">
          <params>
            <param index="0">
              <value>
                <![CDATA[Hanna]]>
              </value>
            </param>
            <param index="1">
              <value>
                <![CDATA[Light]]>
              </value>
            </param>
            <param index="2">
              <value>
                <![CDATA[Dark]]>
              </value>
            </param>
            <param index="3">
              <value>
                <![CDATA[65]]>
              </value>
            </param>
            <param index="4">
              <value>
                <![CDATA[Running]]>
              </value>
            </param>
            <param index="5">
              <value>
                <![CDATA[com.rb_dr.person.Man@408d971b]]>
              </value>
            </param>
          </params>
          <reporter-output>
          </reporter-output>
        </test-method> <!-- testIfRegisterPartnership -->
        <test-method signature="testIfRegisterPartnership(java.lang.String,java.lang.String,java.lang.String,int,java.lang.String,com.rb_dr.person.Person)[pri:0, instance:persondetails.TestWithParameters@78e117e3]" started-at="2023-05-30T16:10:12 EEST" name="testIfRegisterPartnership" data-provider="womenPositive" finished-at="2023-05-30T16:10:12 EEST" duration-ms="2" status="PASS">
          <params>
            <param index="0">
              <value>
                <![CDATA[Helena]]>
              </value>
            </param>
            <param index="1">
              <value>
                <![CDATA[Sunny]]>
              </value>
            </param>
            <param index="2">
              <value>
                <![CDATA[Cloudy]]>
              </value>
            </param>
            <param index="3">
              <value>
                <![CDATA[61]]>
              </value>
            </param>
            <param index="4">
              <value>
                <![CDATA[Running]]>
              </value>
            </param>
            <param index="5">
              <value>
                <![CDATA[com.rb_dr.person.Man@3c46e67a]]>
              </value>
            </param>
          </params>
          <reporter-output>
          </reporter-output>
        </test-method> <!-- testIfRegisterPartnership -->
        <test-method signature="testIfWomanHasBadge(java.lang.String,java.lang.String,java.lang.String,int,java.lang.String,com.rb_dr.person.Person)[pri:0, instance:persondetails.TestWithParameters@78e117e3]" started-at="2023-05-30T16:10:12 EEST" name="testIfWomanHasBadge" data-provider="womenPositive" finished-at="2023-05-30T16:10:12 EEST" duration-ms="3" status="PASS">
          <params>
            <param index="0">
              <value>
                <![CDATA[Hanna]]>
              </value>
            </param>
            <param index="1">
              <value>
                <![CDATA[Light]]>
              </value>
            </param>
            <param index="2">
              <value>
                <![CDATA[Dark]]>
              </value>
            </param>
            <param index="3">
              <value>
                <![CDATA[65]]>
              </value>
            </param>
            <param index="4">
              <value>
                <![CDATA[Running]]>
              </value>
            </param>
            <param index="5">
              <value>
                <![CDATA[com.rb_dr.person.Man@206a70ef]]>
              </value>
            </param>
          </params>
          <reporter-output>
          </reporter-output>
        </test-method> <!-- testIfWomanHasBadge -->
        <test-method signature="testIfWomanHasBadge(java.lang.String,java.lang.String,java.lang.String,int,java.lang.String,com.rb_dr.person.Person)[pri:0, instance:persondetails.TestWithParameters@78e117e3]" started-at="2023-05-30T16:10:12 EEST" name="testIfWomanHasBadge" data-provider="womenPositive" finished-at="2023-05-30T16:10:12 EEST" duration-ms="1" status="PASS">
          <params>
            <param index="0">
              <value>
                <![CDATA[Helena]]>
              </value>
            </param>
            <param index="1">
              <value>
                <![CDATA[Sunny]]>
              </value>
            </param>
            <param index="2">
              <value>
                <![CDATA[Cloudy]]>
              </value>
            </param>
            <param index="3">
              <value>
                <![CDATA[61]]>
              </value>
            </param>
            <param index="4">
              <value>
                <![CDATA[Running]]>
              </value>
            </param>
            <param index="5">
              <value>
                <![CDATA[com.rb_dr.person.Man@22555ebf]]>
              </value>
            </param>
          </params>
          <reporter-output>
          </reporter-output>
        </test-method> <!-- testIfWomanHasBadge -->
        <test-method signature="testIfWomanHasNotBadge(java.lang.String,java.lang.String,java.lang.String,int,java.lang.String,com.rb_dr.person.Person)[pri:0, instance:persondetails.TestWithParameters@78e117e3]" started-at="2023-05-30T16:10:12 EEST" name="testIfWomanHasNotBadge" data-provider="womenNegative" finished-at="2023-05-30T16:10:12 EEST" duration-ms="3" status="PASS">
          <params>
            <param index="0">
              <value>
                <![CDATA[Hanna]]>
              </value>
            </param>
            <param index="1">
              <value>
                <![CDATA[Sweet]]>
              </value>
            </param>
            <param index="2">
              <value>
                <![CDATA[Sweet]]>
              </value>
            </param>
            <param index="3">
              <value>
                <![CDATA[41]]>
              </value>
            </param>
            <param index="4">
              <value>
                <![CDATA[Jumping]]>
              </value>
            </param>
            <param index="5">
              <value is-null="true"/>
            </param>
          </params>
          <reporter-output>
          </reporter-output>
        </test-method> <!-- testIfWomanHasNotBadge -->
        <test-method signature="testIfWomanHasNotBadge(java.lang.String,java.lang.String,java.lang.String,int,java.lang.String,com.rb_dr.person.Person)[pri:0, instance:persondetails.TestWithParameters@78e117e3]" started-at="2023-05-30T16:10:12 EEST" name="testIfWomanHasNotBadge" data-provider="womenNegative" finished-at="2023-05-30T16:10:12 EEST" duration-ms="1" status="PASS">
          <params>
            <param index="0">
              <value>
                <![CDATA[Helena]]>
              </value>
            </param>
            <param index="1">
              <value>
                <![CDATA[Sunny]]>
              </value>
            </param>
            <param index="2">
              <value>
                <![CDATA[Sunny]]>
              </value>
            </param>
            <param index="3">
              <value>
                <![CDATA[41]]>
              </value>
            </param>
            <param index="4">
              <value>
                <![CDATA[Walking]]>
              </value>
            </param>
            <param index="5">
              <value is-null="true"/>
            </param>
          </params>
          <reporter-output>
          </reporter-output>
        </test-method> <!-- testIfWomanHasNotBadge -->
        <test-method signature="testIfWomanNotRetired(java.lang.String,java.lang.String,java.lang.String,int,java.lang.String,com.rb_dr.person.Person)[pri:0, instance:persondetails.TestWithParameters@78e117e3]" started-at="2023-05-30T16:10:12 EEST" name="testIfWomanNotRetired" data-provider="womenNegative" finished-at="2023-05-30T16:10:12 EEST" duration-ms="1" status="PASS">
          <params>
            <param index="0">
              <value>
                <![CDATA[Hanna]]>
              </value>
            </param>
            <param index="1">
              <value>
                <![CDATA[Sweet]]>
              </value>
            </param>
            <param index="2">
              <value>
                <![CDATA[Sweet]]>
              </value>
            </param>
            <param index="3">
              <value>
                <![CDATA[41]]>
              </value>
            </param>
            <param index="4">
              <value>
                <![CDATA[Jumping]]>
              </value>
            </param>
            <param index="5">
              <value is-null="true"/>
            </param>
          </params>
          <reporter-output>
          </reporter-output>
        </test-method> <!-- testIfWomanNotRetired -->
        <test-method signature="testIfWomanNotRetired(java.lang.String,java.lang.String,java.lang.String,int,java.lang.String,com.rb_dr.person.Person)[pri:0, instance:persondetails.TestWithParameters@78e117e3]" started-at="2023-05-30T16:10:12 EEST" name="testIfWomanNotRetired" data-provider="womenNegative" finished-at="2023-05-30T16:10:12 EEST" duration-ms="1" status="PASS">
          <params>
            <param index="0">
              <value>
                <![CDATA[Helena]]>
              </value>
            </param>
            <param index="1">
              <value>
                <![CDATA[Sunny]]>
              </value>
            </param>
            <param index="2">
              <value>
                <![CDATA[Sunny]]>
              </value>
            </param>
            <param index="3">
              <value>
                <![CDATA[41]]>
              </value>
            </param>
            <param index="4">
              <value>
                <![CDATA[Walking]]>
              </value>
            </param>
            <param index="5">
              <value is-null="true"/>
            </param>
          </params>
          <reporter-output>
          </reporter-output>
        </test-method> <!-- testIfWomanNotRetired -->
        <test-method signature="testIfWomanRetired(java.lang.String,java.lang.String,java.lang.String,int,java.lang.String,com.rb_dr.person.Person)[pri:0, instance:persondetails.TestWithParameters@78e117e3]" started-at="2023-05-30T16:10:12 EEST" name="testIfWomanRetired" data-provider="womenPositive" finished-at="2023-05-30T16:10:12 EEST" duration-ms="1" status="PASS">
          <params>
            <param index="0">
              <value>
                <![CDATA[Hanna]]>
              </value>
            </param>
            <param index="1">
              <value>
                <![CDATA[Light]]>
              </value>
            </param>
            <param index="2">
              <value>
                <![CDATA[Dark]]>
              </value>
            </param>
            <param index="3">
              <value>
                <![CDATA[65]]>
              </value>
            </param>
            <param index="4">
              <value>
                <![CDATA[Running]]>
              </value>
            </param>
            <param index="5">
              <value>
                <![CDATA[com.rb_dr.person.Man@38425407]]>
              </value>
            </param>
          </params>
          <reporter-output>
          </reporter-output>
        </test-method> <!-- testIfWomanRetired -->
        <test-method signature="testIfWomanRetired(java.lang.String,java.lang.String,java.lang.String,int,java.lang.String,com.rb_dr.person.Person)[pri:0, instance:persondetails.TestWithParameters@78e117e3]" started-at="2023-05-30T16:10:12 EEST" name="testIfWomanRetired" data-provider="womenPositive" finished-at="2023-05-30T16:10:12 EEST" duration-ms="1" status="PASS">
          <params>
            <param index="0">
              <value>
                <![CDATA[Helena]]>
              </value>
            </param>
            <param index="1">
              <value>
                <![CDATA[Sunny]]>
              </value>
            </param>
            <param index="2">
              <value>
                <![CDATA[Cloudy]]>
              </value>
            </param>
            <param index="3">
              <value>
                <![CDATA[61]]>
              </value>
            </param>
            <param index="4">
              <value>
                <![CDATA[Running]]>
              </value>
            </param>
            <param index="5">
              <value>
                <![CDATA[com.rb_dr.person.Man@702657cc]]>
              </value>
            </param>
          </params>
          <reporter-output>
          </reporter-output>
        </test-method> <!-- testIfWomanRetired -->
        <test-method signature="testManAdding(java.lang.String,java.lang.String,java.lang.String,int,java.lang.String,com.rb_dr.person.Person)[pri:0, instance:persondetails.TestWithParameters@78e117e3]" started-at="2023-05-30T16:10:12 EEST" name="testManAdding" data-provider="menPositive" finished-at="2023-05-30T16:10:12 EEST" duration-ms="1" status="PASS">
          <params>
            <param index="0">
              <value>
                <![CDATA[Kent]]>
              </value>
            </param>
            <param index="1">
              <value>
                <![CDATA[Night]]>
              </value>
            </param>
            <param index="2">
              <value>
                <![CDATA[Night]]>
              </value>
            </param>
            <param index="3">
              <value>
                <![CDATA[66]]>
              </value>
            </param>
            <param index="4">
              <value>
                <![CDATA[Fishing]]>
              </value>
            </param>
            <param index="5">
              <value>
                <![CDATA[com.rb_dr.person.Woman@40a4337a]]>
              </value>
            </param>
          </params>
          <reporter-output>
          </reporter-output>
        </test-method> <!-- testManAdding -->
        <test-method signature="testManAdding(java.lang.String,java.lang.String,java.lang.String,int,java.lang.String,com.rb_dr.person.Person)[pri:0, instance:persondetails.TestWithParameters@78e117e3]" started-at="2023-05-30T16:10:12 EEST" name="testManAdding" data-provider="menPositive" finished-at="2023-05-30T16:10:12 EEST" duration-ms="2" status="PASS">
          <params>
            <param index="0">
              <value>
                <![CDATA[Sam]]>
              </value>
            </param>
            <param index="1">
              <value>
                <![CDATA[Day]]>
              </value>
            </param>
            <param index="2">
              <value>
                <![CDATA[Day]]>
              </value>
            </param>
            <param index="3">
              <value>
                <![CDATA[70]]>
              </value>
            </param>
            <param index="4">
              <value>
                <![CDATA[Fishing]]>
              </value>
            </param>
            <param index="5">
              <value>
                <![CDATA[com.rb_dr.person.Woman@22ff4249]]>
              </value>
            </param>
          </params>
          <reporter-output>
          </reporter-output>
        </test-method> <!-- testManAdding -->
        <test-method signature="testWomanAdding(java.lang.String,java.lang.String,java.lang.String,int,java.lang.String,com.rb_dr.person.Person)[pri:0, instance:persondetails.TestWithParameters@78e117e3]" started-at="2023-05-30T16:10:12 EEST" name="testWomanAdding" data-provider="womenPositive" finished-at="2023-05-30T16:10:12 EEST" duration-ms="1" status="PASS">
          <params>
            <param index="0">
              <value>
                <![CDATA[Hanna]]>
              </value>
            </param>
            <param index="1">
              <value>
                <![CDATA[Light]]>
              </value>
            </param>
            <param index="2">
              <value>
                <![CDATA[Dark]]>
              </value>
            </param>
            <param index="3">
              <value>
                <![CDATA[65]]>
              </value>
            </param>
            <param index="4">
              <value>
                <![CDATA[Running]]>
              </value>
            </param>
            <param index="5">
              <value>
                <![CDATA[com.rb_dr.person.Man@4c402120]]>
              </value>
            </param>
          </params>
          <reporter-output>
          </reporter-output>
        </test-method> <!-- testWomanAdding -->
        <test-method signature="testWomanAdding(java.lang.String,java.lang.String,java.lang.String,int,java.lang.String,com.rb_dr.person.Person)[pri:0, instance:persondetails.TestWithParameters@78e117e3]" started-at="2023-05-30T16:10:12 EEST" name="testWomanAdding" data-provider="womenPositive" finished-at="2023-05-30T16:10:12 EEST" duration-ms="1" status="PASS">
          <params>
            <param index="0">
              <value>
                <![CDATA[Helena]]>
              </value>
            </param>
            <param index="1">
              <value>
                <![CDATA[Sunny]]>
              </value>
            </param>
            <param index="2">
              <value>
                <![CDATA[Cloudy]]>
              </value>
            </param>
            <param index="3">
              <value>
                <![CDATA[61]]>
              </value>
            </param>
            <param index="4">
              <value>
                <![CDATA[Running]]>
              </value>
            </param>
            <param index="5">
              <value>
                <![CDATA[com.rb_dr.person.Man@5b12b668]]>
              </value>
            </param>
          </params>
          <reporter-output>
          </reporter-output>
        </test-method> <!-- testWomanAdding -->
      </class> <!-- persondetails.TestWithParameters -->
    </test> <!-- Testing with parameters -->
  </suite> <!-- Regression test run -->
</testng-results>
